The target system is: Generic -  - hpmicro
The host system is: Darwin - 22.6.0 - x86_64
Compiling the C compiler identification source file "CMakeCCompilerId.c" succeeded.
Compiler: /Users/macguffin/Usr/HpmSDK/toochain/riscv32-unknown-elf-newlib-multilib-2023.10.18-macos-intel/bin/riscv32-unknown-elf-gcc 
Build flags: ;-mcmodel=medlow;;-DUSE_NONVECTOR_MODE=1;;-ffunction-sections;-fdata-sections;-fno-common;;-gdwarf-2;-O0;-DFLASH_XIP=1;-std=gnu11
Id flags:  

The output was:
0


Compilation of the C compiler identification source "CMakeCCompilerId.c" produced "a.out"

The C compiler identification is GNU, found in "/Users/macguffin/CLionProjects/hpm5300rttTest/cmake-build-debug-risc-v/CMakeFiles/3.23.2/CompilerIdC/a.out"

Compiling the CXX compiler identification source file "CMakeCXXCompilerId.cpp" succeeded.
Compiler: /Users/macguffin/Usr/HpmSDK/toochain/riscv32-unknown-elf-newlib-multilib-2023.10.18-macos-intel/bin/riscv32-unknown-elf-g++ 
Build flags: ;-mcmodel=medlow;;-DUSE_NONVECTOR_MODE=1;;-ffunction-sections;-fdata-sections;-fno-common;;-gdwarf-2;-O0;-DFLASH_XIP=1;-Woverloaded-virtual;-fno-exceptions;-fno-rtti;
Id flags:  

The output was:
0


Compilation of the CXX compiler identification source "CMakeCXXCompilerId.cpp" produced "a.out"

The CXX compiler identification is GNU, found in "/Users/macguffin/CLionProjects/hpm5300rttTest/cmake-build-debug-risc-v/CMakeFiles/3.23.2/CompilerIdCXX/a.out"

Checking whether the ASM compiler is GNU using "--version" matched "(GNU assembler)|(GCC)|(Free Software Foundation)":
riscv32-unknown-elf-gcc (gc891d8dc23e-dirty) 13.2.0
Copyright (C) 2023 Free Software Foundation, Inc.
This is free software; see the source for copying conditions.  There is NO
warranty; not even for MERCHANTABILITY or FITNESS FOR A PARTICULAR PURPOSE.

