Detecting C compiler ABI info failed to compile with the following output:
Change Dir: /Users/macguffin/CLionProjects/hpm5300rttTest/cmake-build-debug-risc-v/CMakeFiles/CMakeTmp

Run Build Command(s):/Applications/CLion.app/Contents/bin/ninja/mac/ninja cmTC_04bf2 && [1/2] Building C object CMakeFiles/cmTC_04bf2.dir/CMakeCCompilerABI.c.obj
Using built-in specs.
COLLECT_GCC=/Users/macguffin/Usr/HpmSDK/toochain/riscv32-unknown-elf-newlib-multilib-2023.10.18-macos-intel/bin/riscv32-unknown-elf-gcc
Target: riscv32-unknown-elf
Configured with: /Users/ryan/pubrepos/riscv/riscv-gnu-toolchain/gcc/configure --target=riscv32-unknown-elf --prefix=/Users/ryan/pubrepos/riscv/riscv-gnu-toolchain/../_gnu_gcc_install --disable-shared --disable-threads --enable-languages=c,c++ --with-pkgversion=gc891d8dc23e-dirty --with-system-zlib --enable-tls --with-newlib --with-sysroot=/Users/ryan/pubrepos/riscv/riscv-gnu-toolchain/../_gnu_gcc_install/riscv32-unknown-elf --with-native-system-header-dir=/include --disable-libmudflap --disable-libssp --disable-libquadmath --disable-libgomp --disable-nls --disable-tm-clone-registry --src=.././gcc --enable-multilib --with-multilib-generator='rv32imac_zicsr_zifencei-ilp32--;rv32imafc_zifencei-ilp32--;rv32imafc_zifencei-ilp32f--;rv32imafdc-ilp32--;rv32imafdc-ilp32f--;rv32imafdc-ilp32d--;rv32imac_zicsr_zifencei_zba_zbb_zbc_zbs-ilp32--;rv32imafc_zifencei_zba_zbb_zbc_zbs-ilp32--;rv32imafc_zifencei_zba_zbb_zbc_zbs-ilp32f--;rv32imafdc_zba_zbb_zbc_zbs-ilp32--;rv32imafdc_zba_zbb_zbc_zbs-ilp32f--;rv32imafdc_zba_zbb_zbc_zbs-ilp32d--' --with-abi=ilp32 --with-arch=rv32imac_zicsr_zifencei --with-tune=rocket --with-isa-spec=20191213 'CFLAGS_FOR_TARGET=-Os    -mcmodel=medlow' 'CXXFLAGS_FOR_TARGET=-Os    -mcmodel=medlow'
Thread model: single
Supported LTO compression algorithms: zlib zstd
gcc version 13.2.0 (gc891d8dc23e-dirty) 
COLLECT_GCC_OPTIONS='-mcmodel=medlow' '-D' 'USE_NONVECTOR_MODE=1' '-ffunction-sections' '-fdata-sections' '-fno-common' '-gdwarf-2' '-O0' '-D' 'FLASH_XIP=1' '-std=gnu11' '-v' '-o' 'CMakeFiles/cmTC_04bf2.dir/CMakeCCompilerABI.c.obj' '-c' '-mtune=rocket' '-march=rv32imac_zicsr_zifencei' '-mabi=ilp32' '-misa-spec=20191213' '-march=rv32imac_zicsr_zifencei' '-dumpdir' 'CMakeFiles/cmTC_04bf2.dir/'
 /Users/macguffin/Usr/HpmSDK/toochain/riscv32-unknown-elf-newlib-multilib-2023.10.18-macos-intel/bin/../libexec/gcc/riscv32-unknown-elf/13.2.0/cc1 -quiet -v -imultilib . -iprefix /Users/macguffin/Usr/HpmSDK/toochain/riscv32-unknown-elf-newlib-multilib-2023.10.18-macos-intel/bin/../lib/gcc/riscv32-unknown-elf/13.2.0/ -isysroot /Users/macguffin/Usr/HpmSDK/toochain/riscv32-unknown-elf-newlib-multilib-2023.10.18-macos-intel/bin/../riscv32-unknown-elf -D USE_NONVECTOR_MODE=1 -D FLASH_XIP=1 /Applications/CLion.app/Contents/bin/cmake/mac/share/cmake-3.23/Modules/CMakeCCompilerABI.c -quiet -dumpdir CMakeFiles/cmTC_04bf2.dir/ -dumpbase CMakeCCompilerABI.c.c -dumpbase-ext .c -mcmodel=medlow -mtune=rocket -march=rv32imac_zicsr_zifencei -mabi=ilp32 -misa-spec=20191213 -march=rv32imac_zicsr_zifencei -gdwarf-2 -O0 -std=gnu11 -version -ffunction-sections -fdata-sections -fno-common -o /var/folders/mt/ptjhhy9n5kx62_4rf0bhdzph0000gn/T//cc5czDNt.s
GNU C11 (gc891d8dc23e-dirty) version 13.2.0 (riscv32-unknown-elf)
	compiled by GNU C version Apple LLVM 13.0.0 (clang-1300.0.29.30), GMP version 6.3.0, MPFR version 4.2.1, MPC version 1.3.1, isl version isl-0.26-GMP

GGC heuristics: --param ggc-min-expand=100 --param ggc-min-heapsize=131072
ignoring duplicate directory "/Users/macguffin/Usr/HpmSDK/toochain/riscv32-unknown-elf-newlib-multilib-2023.10.18-macos-intel/bin/../lib/gcc/../../lib/gcc/riscv32-unknown-elf/13.2.0/include"
ignoring nonexistent directory "/Users/macguffin/Usr/HpmSDK/toochain/riscv32-unknown-elf-newlib-multilib-2023.10.18-macos-intel/bin/../riscv32-unknown-elf/usr/local/include"
ignoring duplicate directory "/Users/macguffin/Usr/HpmSDK/toochain/riscv32-unknown-elf-newlib-multilib-2023.10.18-macos-intel/bin/../lib/gcc/../../lib/gcc/riscv32-unknown-elf/13.2.0/include-fixed"
ignoring duplicate directory "/Users/macguffin/Usr/HpmSDK/toochain/riscv32-unknown-elf-newlib-multilib-2023.10.18-macos-intel/bin/../lib/gcc/../../lib/gcc/riscv32-unknown-elf/13.2.0/../../../../riscv32-unknown-elf/include"
ignoring duplicate directory "/Users/macguffin/Usr/HpmSDK/toochain/riscv32-unknown-elf-newlib-multilib-2023.10.18-macos-intel/bin/../riscv32-unknown-elf/include"
#include "..." search starts here:
#include <...> search starts here:
 /Users/macguffin/Usr/HpmSDK/toochain/riscv32-unknown-elf-newlib-multilib-2023.10.18-macos-intel/bin/../lib/gcc/riscv32-unknown-elf/13.2.0/include
 /Users/macguffin/Usr/HpmSDK/toochain/riscv32-unknown-elf-newlib-multilib-2023.10.18-macos-intel/bin/../lib/gcc/riscv32-unknown-elf/13.2.0/include-fixed
 /Users/macguffin/Usr/HpmSDK/toochain/riscv32-unknown-elf-newlib-multilib-2023.10.18-macos-intel/bin/../lib/gcc/riscv32-unknown-elf/13.2.0/../../../../riscv32-unknown-elf/include
End of search list.
Compiler executable checksum: 79b16da6c41258f7b0ad10b9cb27b03f
COLLECT_GCC_OPTIONS='-mcmodel=medlow' '-D' 'USE_NONVECTOR_MODE=1' '-ffunction-sections' '-fdata-sections' '-fno-common' '-gdwarf-2' '-O0' '-D' 'FLASH_XIP=1' '-std=gnu11' '-v' '-o' 'CMakeFiles/cmTC_04bf2.dir/CMakeCCompilerABI.c.obj' '-c' '-mtune=rocket' '-march=rv32imac_zicsr_zifencei' '-mabi=ilp32' '-misa-spec=20191213' '-march=rv32imac_zicsr_zifencei' '-dumpdir' 'CMakeFiles/cmTC_04bf2.dir/'
 /Users/macguffin/Usr/HpmSDK/toochain/riscv32-unknown-elf-newlib-multilib-2023.10.18-macos-intel/bin/../lib/gcc/riscv32-unknown-elf/13.2.0/../../../../riscv32-unknown-elf/bin/as -v --gdwarf2 --traditional-format -march=rv32imac_zicsr_zifencei -march=rv32imac_zicsr_zifencei -mabi=ilp32 -misa-spec=20191213 -o CMakeFiles/cmTC_04bf2.dir/CMakeCCompilerABI.c.obj /var/folders/mt/ptjhhy9n5kx62_4rf0bhdzph0000gn/T//cc5czDNt.s
GNU assembler version 2.41 (riscv32-unknown-elf) using BFD version (GNU Binutils) 2.41
COMPILER_PATH=/Users/macguffin/Usr/HpmSDK/toochain/riscv32-unknown-elf-newlib-multilib-2023.10.18-macos-intel/bin/../libexec/gcc/riscv32-unknown-elf/13.2.0/:/Users/macguffin/Usr/HpmSDK/toochain/riscv32-unknown-elf-newlib-multilib-2023.10.18-macos-intel/bin/../libexec/gcc/:/Users/macguffin/Usr/HpmSDK/toochain/riscv32-unknown-elf-newlib-multilib-2023.10.18-macos-intel/bin/../lib/gcc/riscv32-unknown-elf/13.2.0/../../../../riscv32-unknown-elf/bin/
LIBRARY_PATH=/Users/macguffin/Usr/HpmSDK/toochain/riscv32-unknown-elf-newlib-multilib-2023.10.18-macos-intel/bin/../lib/gcc/riscv32-unknown-elf/13.2.0/:/Users/macguffin/Usr/HpmSDK/toochain/riscv32-unknown-elf-newlib-multilib-2023.10.18-macos-intel/bin/../lib/gcc/:/Users/macguffin/Usr/HpmSDK/toochain/riscv32-unknown-elf-newlib-multilib-2023.10.18-macos-intel/bin/../lib/gcc/riscv32-unknown-elf/13.2.0/../../../../riscv32-unknown-elf/lib/:/Users/macguffin/Usr/HpmSDK/toochain/riscv32-unknown-elf-newlib-multilib-2023.10.18-macos-intel/bin/../riscv32-unknown-elf/lib/
COLLECT_GCC_OPTIONS='-mcmodel=medlow' '-D' 'USE_NONVECTOR_MODE=1' '-ffunction-sections' '-fdata-sections' '-fno-common' '-gdwarf-2' '-O0' '-D' 'FLASH_XIP=1' '-std=gnu11' '-v' '-o' 'CMakeFiles/cmTC_04bf2.dir/CMakeCCompilerABI.c.obj' '-c' '-mtune=rocket' '-march=rv32imac_zicsr_zifencei' '-mabi=ilp32' '-misa-spec=20191213' '-march=rv32imac_zicsr_zifencei' '-dumpdir' 'CMakeFiles/cmTC_04bf2.dir/CMakeCCompilerABI.c.'
[2/2] Linking C executable cmTC_04bf2
FAILED: cmTC_04bf2 
: && /Users/macguffin/Usr/HpmSDK/toochain/riscv32-unknown-elf-newlib-multilib-2023.10.18-macos-intel/bin/riscv32-unknown-elf-gcc -mcmodel=medlow  -DUSE_NONVECTOR_MODE=1  -ffunction-sections -fdata-sections -fno-common  -gdwarf-2 -O0 -DFLASH_XIP=1 -std=gnu11 -mcmodel=medlow   --specs=nano.specs --specs=nosys.specs  -u _printf_float -u _scanf_float -nostartfiles -Wl,--gc-sections  -O0 -T /Users/macguffin/CLionProjects/hpm5300rttTest/board/linker_scripts/flash_rtt.ld -Wl,--gc-sections,--print-memory-usage -v CMakeFiles/cmTC_04bf2.dir/CMakeCCompilerABI.c.obj -o cmTC_04bf2   && :
Using built-in specs.
Reading specs from /Users/macguffin/Usr/HpmSDK/toochain/riscv32-unknown-elf-newlib-multilib-2023.10.18-macos-intel/bin/../lib/gcc/riscv32-unknown-elf/13.2.0/../../../../riscv32-unknown-elf/lib/nano.specs
rename spec link to nano_link
rename spec link_gcc_c_sequence to nano_link_gcc_c_sequence
rename spec cpp to nano_cpp
Reading specs from /Users/macguffin/Usr/HpmSDK/toochain/riscv32-unknown-elf-newlib-multilib-2023.10.18-macos-intel/bin/../lib/gcc/riscv32-unknown-elf/13.2.0/../../../../riscv32-unknown-elf/lib/nosys.specs
rename spec link_gcc_c_sequence to nosys_link_gcc_c_sequence
COLLECT_GCC=/Users/macguffin/Usr/HpmSDK/toochain/riscv32-unknown-elf-newlib-multilib-2023.10.18-macos-intel/bin/riscv32-unknown-elf-gcc
COLLECT_LTO_WRAPPER=/Users/macguffin/Usr/HpmSDK/toochain/riscv32-unknown-elf-newlib-multilib-2023.10.18-macos-intel/bin/../libexec/gcc/riscv32-unknown-elf/13.2.0/lto-wrapper
Target: riscv32-unknown-elf
Configured with: /Users/ryan/pubrepos/riscv/riscv-gnu-toolchain/gcc/configure --target=riscv32-unknown-elf --prefix=/Users/ryan/pubrepos/riscv/riscv-gnu-toolchain/../_gnu_gcc_install --disable-shared --disable-threads --enable-languages=c,c++ --with-pkgversion=gc891d8dc23e-dirty --with-system-zlib --enable-tls --with-newlib --with-sysroot=/Users/ryan/pubrepos/riscv/riscv-gnu-toolchain/../_gnu_gcc_install/riscv32-unknown-elf --with-native-system-header-dir=/include --disable-libmudflap --disable-libssp --disable-libquadmath --disable-libgomp --disable-nls --disable-tm-clone-registry --src=.././gcc --enable-multilib --with-multilib-generator='rv32imac_zicsr_zifencei-ilp32--;rv32imafc_zifencei-ilp32--;rv32imafc_zifencei-ilp32f--;rv32imafdc-ilp32--;rv32imafdc-ilp32f--;rv32imafdc-ilp32d--;rv32imac_zicsr_zifencei_zba_zbb_zbc_zbs-ilp32--;rv32imafc_zifencei_zba_zbb_zbc_zbs-ilp32--;rv32imafc_zifencei_zba_zbb_zbc_zbs-ilp32f--;rv32imafdc_zba_zbb_zbc_zbs-ilp32--;rv32imafdc_zba_zbb_zbc_zbs-ilp32f--;rv32imafdc_zba_zbb_zbc_zbs-ilp32d--' --with-abi=ilp32 --with-arch=rv32imac_zicsr_zifencei --with-tune=rocket --with-isa-spec=20191213 'CFLAGS_FOR_TARGET=-Os    -mcmodel=medlow' 'CXXFLAGS_FOR_TARGET=-Os    -mcmodel=medlow'
Thread model: single
Supported LTO compression algorithms: zlib zstd
gcc version 13.2.0 (gc891d8dc23e-dirty) 
COMPILER_PATH=/Users/macguffin/Usr/HpmSDK/toochain/riscv32-unknown-elf-newlib-multilib-2023.10.18-macos-intel/bin/../libexec/gcc/riscv32-unknown-elf/13.2.0/:/Users/macguffin/Usr/HpmSDK/toochain/riscv32-unknown-elf-newlib-multilib-2023.10.18-macos-intel/bin/../libexec/gcc/:/Users/macguffin/Usr/HpmSDK/toochain/riscv32-unknown-elf-newlib-multilib-2023.10.18-macos-intel/bin/../lib/gcc/riscv32-unknown-elf/13.2.0/../../../../riscv32-unknown-elf/bin/
LIBRARY_PATH=/Users/macguffin/Usr/HpmSDK/toochain/riscv32-unknown-elf-newlib-multilib-2023.10.18-macos-intel/bin/../lib/gcc/riscv32-unknown-elf/13.2.0/:/Users/macguffin/Usr/HpmSDK/toochain/riscv32-unknown-elf-newlib-multilib-2023.10.18-macos-intel/bin/../lib/gcc/:/Users/macguffin/Usr/HpmSDK/toochain/riscv32-unknown-elf-newlib-multilib-2023.10.18-macos-intel/bin/../lib/gcc/riscv32-unknown-elf/13.2.0/../../../../riscv32-unknown-elf/lib/:/Users/macguffin/Usr/HpmSDK/toochain/riscv32-unknown-elf-newlib-multilib-2023.10.18-macos-intel/bin/../riscv32-unknown-elf/lib/
COLLECT_GCC_OPTIONS='-mcmodel=medlow' '-D' 'USE_NONVECTOR_MODE=1' '-ffunction-sections' '-fdata-sections' '-fno-common' '-gdwarf-2' '-O0' '-D' 'FLASH_XIP=1' '-std=gnu11' '-mcmodel=medlow' '-specs=nano.specs' '-specs=nosys.specs' '-u' '_printf_float' '-u' '_scanf_float' '-nostartfiles' '-O0' '-T' '/Users/macguffin/CLionProjects/hpm5300rttTest/board/linker_scripts/flash_rtt.ld' '-v' '-o' 'cmTC_04bf2' '-mtune=rocket' '-march=rv32imac_zicsr_zifencei' '-mabi=ilp32' '-misa-spec=20191213' '-march=rv32imac_zicsr_zifencei' '-dumpdir' 'cmTC_04bf2.'
 /Users/macguffin/Usr/HpmSDK/toochain/riscv32-unknown-elf-newlib-multilib-2023.10.18-macos-intel/bin/../libexec/gcc/riscv32-unknown-elf/13.2.0/collect2 -plugin /Users/macguffin/Usr/HpmSDK/toochain/riscv32-unknown-elf-newlib-multilib-2023.10.18-macos-intel/bin/../libexec/gcc/riscv32-unknown-elf/13.2.0/liblto_plugin.so -plugin-opt=/Users/macguffin/Usr/HpmSDK/toochain/riscv32-unknown-elf-newlib-multilib-2023.10.18-macos-intel/bin/../libexec/gcc/riscv32-unknown-elf/13.2.0/lto-wrapper -plugin-opt=-fresolution=/var/folders/mt/ptjhhy9n5kx62_4rf0bhdzph0000gn/T//ccTJ5Eeu.res -plugin-opt=-pass-through=-lgcc -plugin-opt=-pass-through=-lg_nano -plugin-opt=-pass-through=-lc_nano -plugin-opt=-pass-through=-lgcc -plugin-opt=-pass-through=-lgcc -plugin-opt=-pass-through=-lc_nano -plugin-opt=-pass-through=-lnosys -plugin-opt=-pass-through=-lgcc -plugin-opt=-pass-through=-lc_nano -plugin-opt=-pass-through=-lnosys --sysroot=/Users/macguffin/Usr/HpmSDK/toochain/riscv32-unknown-elf-newlib-multilib-2023.10.18-macos-intel/bin/../riscv32-unknown-elf -melf32lriscv -o cmTC_04bf2 -u _printf_float -u _scanf_float -L/Users/macguffin/Usr/HpmSDK/toochain/riscv32-unknown-elf-newlib-multilib-2023.10.18-macos-intel/bin/../lib/gcc/riscv32-unknown-elf/13.2.0 -L/Users/macguffin/Usr/HpmSDK/toochain/riscv32-unknown-elf-newlib-multilib-2023.10.18-macos-intel/bin/../lib/gcc -L/Users/macguffin/Usr/HpmSDK/toochain/riscv32-unknown-elf-newlib-multilib-2023.10.18-macos-intel/bin/../lib/gcc/riscv32-unknown-elf/13.2.0/../../../../riscv32-unknown-elf/lib -L/Users/macguffin/Usr/HpmSDK/toochain/riscv32-unknown-elf-newlib-multilib-2023.10.18-macos-intel/bin/../riscv32-unknown-elf/lib --gc-sections --gc-sections --print-memory-usage CMakeFiles/cmTC_04bf2.dir/CMakeCCompilerABI.c.obj -lgcc -lg_nano -lc_nano -lgcc --start-group -lgcc -lc_nano -lnosys --end-group --start-group -lgcc -lc_nano -lnosys --end-group -T /Users/macguffin/CLionProjects/hpm5300rttTest/board/linker_scripts/flash_rtt.ld
/Users/macguffin/Usr/HpmSDK/toochain/riscv32-unknown-elf-newlib-multilib-2023.10.18-macos-intel/bin/../lib/gcc/riscv32-unknown-elf/13.2.0/../../../../riscv32-unknown-elf/bin/ld: /Users/macguffin/Usr/HpmSDK/toochain/riscv32-unknown-elf-newlib-multilib-2023.10.18-macos-intel/bin/../lib/gcc/riscv32-unknown-elf/13.2.0/../../../../riscv32-unknown-elf/lib/libg_nano.a(libc_a-closer.o): in function `_close_r':
closer.c:(.text._close_r+0x14): warning: _close is not implemented and will always fail
/Users/macguffin/Usr/HpmSDK/toochain/riscv32-unknown-elf-newlib-multilib-2023.10.18-macos-intel/bin/../lib/gcc/riscv32-unknown-elf/13.2.0/../../../../riscv32-unknown-elf/bin/ld: /Users/macguffin/Usr/HpmSDK/toochain/riscv32-unknown-elf-newlib-multilib-2023.10.18-macos-intel/bin/../lib/gcc/riscv32-unknown-elf/13.2.0/../../../../riscv32-unknown-elf/lib/libg_nano.a(libc_a-fstatr.o): in function `_fstat_r':
fstatr.c:(.text._fstat_r+0x16): warning: _fstat is not implemented and will always fail
/Users/macguffin/Usr/HpmSDK/toochain/riscv32-unknown-elf-newlib-multilib-2023.10.18-macos-intel/bin/../lib/gcc/riscv32-unknown-elf/13.2.0/../../../../riscv32-unknown-elf/bin/ld: /Users/macguffin/Usr/HpmSDK/toochain/riscv32-unknown-elf-newlib-multilib-2023.10.18-macos-intel/bin/../lib/gcc/riscv32-unknown-elf/13.2.0/../../../../riscv32-unknown-elf/lib/libg_nano.a(libc_a-signalr.o): in function `_getpid_r':
signalr.c:(.text._getpid_r+0x0): warning: _getpid is not implemented and will always fail
/Users/macguffin/Usr/HpmSDK/toochain/riscv32-unknown-elf-newlib-multilib-2023.10.18-macos-intel/bin/../lib/gcc/riscv32-unknown-elf/13.2.0/../../../../riscv32-unknown-elf/bin/ld: /Users/macguffin/Usr/HpmSDK/toochain/riscv32-unknown-elf-newlib-multilib-2023.10.18-macos-intel/bin/../lib/gcc/riscv32-unknown-elf/13.2.0/../../../../riscv32-unknown-elf/lib/libg_nano.a(libc_a-isattyr.o): in function `_isatty_r':
isattyr.c:(.text._isatty_r+0x14): warning: _isatty is not implemented and will always fail
/Users/macguffin/Usr/HpmSDK/toochain/riscv32-unknown-elf-newlib-multilib-2023.10.18-macos-intel/bin/../lib/gcc/riscv32-unknown-elf/13.2.0/../../../../riscv32-unknown-elf/bin/ld: /Users/macguffin/Usr/HpmSDK/toochain/riscv32-unknown-elf-newlib-multilib-2023.10.18-macos-intel/bin/../lib/gcc/riscv32-unknown-elf/13.2.0/../../../../riscv32-unknown-elf/lib/libg_nano.a(libc_a-signalr.o): in function `_kill_r':
signalr.c:(.text._kill_r+0x16): warning: _kill is not implemented and will always fail
/Users/macguffin/Usr/HpmSDK/toochain/riscv32-unknown-elf-newlib-multilib-2023.10.18-macos-intel/bin/../lib/gcc/riscv32-unknown-elf/13.2.0/../../../../riscv32-unknown-elf/bin/ld: /Users/macguffin/Usr/HpmSDK/toochain/riscv32-unknown-elf-newlib-multilib-2023.10.18-macos-intel/bin/../lib/gcc/riscv32-unknown-elf/13.2.0/../../../../riscv32-unknown-elf/lib/libg_nano.a(libc_a-lseekr.o): in function `_lseek_r':
lseekr.c:(.text._lseek_r+0x18): warning: _lseek is not implemented and will always fail
/Users/macguffin/Usr/HpmSDK/toochain/riscv32-unknown-elf-newlib-multilib-2023.10.18-macos-intel/bin/../lib/gcc/riscv32-unknown-elf/13.2.0/../../../../riscv32-unknown-elf/bin/ld: /Users/macguffin/Usr/HpmSDK/toochain/riscv32-unknown-elf-newlib-multilib-2023.10.18-macos-intel/bin/../lib/gcc/riscv32-unknown-elf/13.2.0/../../../../riscv32-unknown-elf/lib/libg_nano.a(libc_a-readr.o): in function `_read_r':
readr.c:(.text._read_r+0x18): warning: _read is not implemented and will always fail
/Users/macguffin/Usr/HpmSDK/toochain/riscv32-unknown-elf-newlib-multilib-2023.10.18-macos-intel/bin/../lib/gcc/riscv32-unknown-elf/13.2.0/../../../../riscv32-unknown-elf/bin/ld: /Users/macguffin/Usr/HpmSDK/toochain/riscv32-unknown-elf-newlib-multilib-2023.10.18-macos-intel/bin/../lib/gcc/riscv32-unknown-elf/13.2.0/../../../../riscv32-unknown-elf/lib/libg_nano.a(libc_a-writer.o): in function `_write_r':
writer.c:(.text._write_r+0x18): warning: _write is not implemented and will always fail
/Users/macguffin/Usr/HpmSDK/toochain/riscv32-unknown-elf-newlib-multilib-2023.10.18-macos-intel/bin/../lib/gcc/riscv32-unknown-elf/13.2.0/../../../../riscv32-unknown-elf/bin/ld: warning: cannot find entry symbol _start; defaulting to 80003000
/Users/macguffin/Usr/HpmSDK/toochain/riscv32-unknown-elf-newlib-multilib-2023.10.18-macos-intel/bin/../lib/gcc/riscv32-unknown-elf/13.2.0/../../../../riscv32-unknown-elf/bin/ld: /Users/macguffin/Usr/HpmSDK/toochain/riscv32-unknown-elf-newlib-multilib-2023.10.18-macos-intel/bin/../lib/gcc/riscv32-unknown-elf/13.2.0/../../../../riscv32-unknown-elf/lib/libnosys.a(sbrk.o): in function `.L5':
sbrk.c:(.text._sbrk+0x14): undefined reference to `end'
/Users/macguffin/Usr/HpmSDK/toochain/riscv32-unknown-elf-newlib-multilib-2023.10.18-macos-intel/bin/../lib/gcc/riscv32-unknown-elf/13.2.0/../../../../riscv32-unknown-elf/bin/ld: sbrk.c:(.text._sbrk+0x18): undefined reference to `end'
Memory region         Used Size  Region Size  %age Used
            XPI0:       42784 B         1 MB      4.08%
             ILM:          0 GB       128 KB      0.00%
             DLM:       49944 B       128 KB     38.10%
        AHB_SRAM:          0 GB        32 KB      0.00%
collect2: error: ld returned 1 exit status
ninja: build stopped: subcommand failed.




Detecting CXX compiler ABI info failed to compile with the following output:
Change Dir: /Users/macguffin/CLionProjects/hpm5300rttTest/cmake-build-debug-risc-v/CMakeFiles/CMakeTmp

Run Build Command(s):/Applications/CLion.app/Contents/bin/ninja/mac/ninja cmTC_42064 && [1/2] Building CXX object CMakeFiles/cmTC_42064.dir/CMakeCXXCompilerABI.cpp.obj
Using built-in specs.
COLLECT_GCC=/Users/macguffin/Usr/HpmSDK/toochain/riscv32-unknown-elf-newlib-multilib-2023.10.18-macos-intel/bin/riscv32-unknown-elf-g++
Target: riscv32-unknown-elf
Configured with: /Users/ryan/pubrepos/riscv/riscv-gnu-toolchain/gcc/configure --target=riscv32-unknown-elf --prefix=/Users/ryan/pubrepos/riscv/riscv-gnu-toolchain/../_gnu_gcc_install --disable-shared --disable-threads --enable-languages=c,c++ --with-pkgversion=gc891d8dc23e-dirty --with-system-zlib --enable-tls --with-newlib --with-sysroot=/Users/ryan/pubrepos/riscv/riscv-gnu-toolchain/../_gnu_gcc_install/riscv32-unknown-elf --with-native-system-header-dir=/include --disable-libmudflap --disable-libssp --disable-libquadmath --disable-libgomp --disable-nls --disable-tm-clone-registry --src=.././gcc --enable-multilib --with-multilib-generator='rv32imac_zicsr_zifencei-ilp32--;rv32imafc_zifencei-ilp32--;rv32imafc_zifencei-ilp32f--;rv32imafdc-ilp32--;rv32imafdc-ilp32f--;rv32imafdc-ilp32d--;rv32imac_zicsr_zifencei_zba_zbb_zbc_zbs-ilp32--;rv32imafc_zifencei_zba_zbb_zbc_zbs-ilp32--;rv32imafc_zifencei_zba_zbb_zbc_zbs-ilp32f--;rv32imafdc_zba_zbb_zbc_zbs-ilp32--;rv32imafdc_zba_zbb_zbc_zbs-ilp32f--;rv32imafdc_zba_zbb_zbc_zbs-ilp32d--' --with-abi=ilp32 --with-arch=rv32imac_zicsr_zifencei --with-tune=rocket --with-isa-spec=20191213 'CFLAGS_FOR_TARGET=-Os    -mcmodel=medlow' 'CXXFLAGS_FOR_TARGET=-Os    -mcmodel=medlow'
Thread model: single
Supported LTO compression algorithms: zlib zstd
gcc version 13.2.0 (gc891d8dc23e-dirty) 
COLLECT_GCC_OPTIONS='-mcmodel=medlow' '-D' 'USE_NONVECTOR_MODE=1' '-ffunction-sections' '-fdata-sections' '-fno-common' '-gdwarf-2' '-O0' '-D' 'FLASH_XIP=1' '-Woverloaded-virtual=2' '-fno-exceptions' '-fno-rtti' '-v' '-o' 'CMakeFiles/cmTC_42064.dir/CMakeCXXCompilerABI.cpp.obj' '-c' '-mtune=rocket' '-march=rv32imac_zicsr_zifencei' '-mabi=ilp32' '-misa-spec=20191213' '-march=rv32imac_zicsr_zifencei' '-dumpdir' 'CMakeFiles/cmTC_42064.dir/'
 /Users/macguffin/Usr/HpmSDK/toochain/riscv32-unknown-elf-newlib-multilib-2023.10.18-macos-intel/bin/../libexec/gcc/riscv32-unknown-elf/13.2.0/cc1plus -quiet -v -imultilib . -iprefix /Users/macguffin/Usr/HpmSDK/toochain/riscv32-unknown-elf-newlib-multilib-2023.10.18-macos-intel/bin/../lib/gcc/riscv32-unknown-elf/13.2.0/ -isysroot /Users/macguffin/Usr/HpmSDK/toochain/riscv32-unknown-elf-newlib-multilib-2023.10.18-macos-intel/bin/../riscv32-unknown-elf -D USE_NONVECTOR_MODE=1 -D FLASH_XIP=1 /Applications/CLion.app/Contents/bin/cmake/mac/share/cmake-3.23/Modules/CMakeCXXCompilerABI.cpp -quiet -dumpdir CMakeFiles/cmTC_42064.dir/ -dumpbase CMakeCXXCompilerABI.cpp.cpp -dumpbase-ext .cpp -mcmodel=medlow -mtune=rocket -march=rv32imac_zicsr_zifencei -mabi=ilp32 -misa-spec=20191213 -march=rv32imac_zicsr_zifencei -gdwarf-2 -O0 -Woverloaded-virtual=2 -version -ffunction-sections -fdata-sections -fno-common -fno-exceptions -fno-rtti -o /var/folders/mt/ptjhhy9n5kx62_4rf0bhdzph0000gn/T//ccDVOCfF.s
GNU C++17 (gc891d8dc23e-dirty) version 13.2.0 (riscv32-unknown-elf)
	compiled by GNU C version Apple LLVM 13.0.0 (clang-1300.0.29.30), GMP version 6.3.0, MPFR version 4.2.1, MPC version 1.3.1, isl version isl-0.26-GMP

GGC heuristics: --param ggc-min-expand=100 --param ggc-min-heapsize=131072
ignoring duplicate directory "/Users/macguffin/Usr/HpmSDK/toochain/riscv32-unknown-elf-newlib-multilib-2023.10.18-macos-intel/bin/../lib/gcc/../../lib/gcc/riscv32-unknown-elf/13.2.0/../../../../riscv32-unknown-elf/include/c++/13.2.0"
ignoring duplicate directory "/Users/macguffin/Usr/HpmSDK/toochain/riscv32-unknown-elf-newlib-multilib-2023.10.18-macos-intel/bin/../lib/gcc/../../lib/gcc/riscv32-unknown-elf/13.2.0/../../../../riscv32-unknown-elf/include/c++/13.2.0/riscv32-unknown-elf/."
ignoring duplicate directory "/Users/macguffin/Usr/HpmSDK/toochain/riscv32-unknown-elf-newlib-multilib-2023.10.18-macos-intel/bin/../lib/gcc/../../lib/gcc/riscv32-unknown-elf/13.2.0/../../../../riscv32-unknown-elf/include/c++/13.2.0/backward"
ignoring duplicate directory "/Users/macguffin/Usr/HpmSDK/toochain/riscv32-unknown-elf-newlib-multilib-2023.10.18-macos-intel/bin/../lib/gcc/../../lib/gcc/riscv32-unknown-elf/13.2.0/include"
ignoring nonexistent directory "/Users/macguffin/Usr/HpmSDK/toochain/riscv32-unknown-elf-newlib-multilib-2023.10.18-macos-intel/bin/../riscv32-unknown-elf/usr/local/include"
ignoring duplicate directory "/Users/macguffin/Usr/HpmSDK/toochain/riscv32-unknown-elf-newlib-multilib-2023.10.18-macos-intel/bin/../lib/gcc/../../lib/gcc/riscv32-unknown-elf/13.2.0/include-fixed"
ignoring duplicate directory "/Users/macguffin/Usr/HpmSDK/toochain/riscv32-unknown-elf-newlib-multilib-2023.10.18-macos-intel/bin/../lib/gcc/../../lib/gcc/riscv32-unknown-elf/13.2.0/../../../../riscv32-unknown-elf/include"
ignoring duplicate directory "/Users/macguffin/Usr/HpmSDK/toochain/riscv32-unknown-elf-newlib-multilib-2023.10.18-macos-intel/bin/../riscv32-unknown-elf/include"
#include "..." search starts here:
#include <...> search starts here:
 /Users/macguffin/Usr/HpmSDK/toochain/riscv32-unknown-elf-newlib-multilib-2023.10.18-macos-intel/bin/../lib/gcc/riscv32-unknown-elf/13.2.0/../../../../riscv32-unknown-elf/include/c++/13.2.0
 /Users/macguffin/Usr/HpmSDK/toochain/riscv32-unknown-elf-newlib-multilib-2023.10.18-macos-intel/bin/../lib/gcc/riscv32-unknown-elf/13.2.0/../../../../riscv32-unknown-elf/include/c++/13.2.0/riscv32-unknown-elf/.
 /Users/macguffin/Usr/HpmSDK/toochain/riscv32-unknown-elf-newlib-multilib-2023.10.18-macos-intel/bin/../lib/gcc/riscv32-unknown-elf/13.2.0/../../../../riscv32-unknown-elf/include/c++/13.2.0/backward
 /Users/macguffin/Usr/HpmSDK/toochain/riscv32-unknown-elf-newlib-multilib-2023.10.18-macos-intel/bin/../lib/gcc/riscv32-unknown-elf/13.2.0/include
 /Users/macguffin/Usr/HpmSDK/toochain/riscv32-unknown-elf-newlib-multilib-2023.10.18-macos-intel/bin/../lib/gcc/riscv32-unknown-elf/13.2.0/include-fixed
 /Users/macguffin/Usr/HpmSDK/toochain/riscv32-unknown-elf-newlib-multilib-2023.10.18-macos-intel/bin/../lib/gcc/riscv32-unknown-elf/13.2.0/../../../../riscv32-unknown-elf/include
End of search list.
Compiler executable checksum: 11b36c5c967345c7dec0142c63e40ec3
COLLECT_GCC_OPTIONS='-mcmodel=medlow' '-D' 'USE_NONVECTOR_MODE=1' '-ffunction-sections' '-fdata-sections' '-fno-common' '-gdwarf-2' '-O0' '-D' 'FLASH_XIP=1' '-Woverloaded-virtual=2' '-fno-exceptions' '-fno-rtti' '-v' '-o' 'CMakeFiles/cmTC_42064.dir/CMakeCXXCompilerABI.cpp.obj' '-c' '-mtune=rocket' '-march=rv32imac_zicsr_zifencei' '-mabi=ilp32' '-misa-spec=20191213' '-march=rv32imac_zicsr_zifencei' '-dumpdir' 'CMakeFiles/cmTC_42064.dir/'
 /Users/macguffin/Usr/HpmSDK/toochain/riscv32-unknown-elf-newlib-multilib-2023.10.18-macos-intel/bin/../lib/gcc/riscv32-unknown-elf/13.2.0/../../../../riscv32-unknown-elf/bin/as -v --gdwarf2 --traditional-format -march=rv32imac_zicsr_zifencei -march=rv32imac_zicsr_zifencei -mabi=ilp32 -misa-spec=20191213 -o CMakeFiles/cmTC_42064.dir/CMakeCXXCompilerABI.cpp.obj /var/folders/mt/ptjhhy9n5kx62_4rf0bhdzph0000gn/T//ccDVOCfF.s
GNU assembler version 2.41 (riscv32-unknown-elf) using BFD version (GNU Binutils) 2.41
COMPILER_PATH=/Users/macguffin/Usr/HpmSDK/toochain/riscv32-unknown-elf-newlib-multilib-2023.10.18-macos-intel/bin/../libexec/gcc/riscv32-unknown-elf/13.2.0/:/Users/macguffin/Usr/HpmSDK/toochain/riscv32-unknown-elf-newlib-multilib-2023.10.18-macos-intel/bin/../libexec/gcc/:/Users/macguffin/Usr/HpmSDK/toochain/riscv32-unknown-elf-newlib-multilib-2023.10.18-macos-intel/bin/../lib/gcc/riscv32-unknown-elf/13.2.0/../../../../riscv32-unknown-elf/bin/
LIBRARY_PATH=/Users/macguffin/Usr/HpmSDK/toochain/riscv32-unknown-elf-newlib-multilib-2023.10.18-macos-intel/bin/../lib/gcc/riscv32-unknown-elf/13.2.0/:/Users/macguffin/Usr/HpmSDK/toochain/riscv32-unknown-elf-newlib-multilib-2023.10.18-macos-intel/bin/../lib/gcc/:/Users/macguffin/Usr/HpmSDK/toochain/riscv32-unknown-elf-newlib-multilib-2023.10.18-macos-intel/bin/../lib/gcc/riscv32-unknown-elf/13.2.0/../../../../riscv32-unknown-elf/lib/:/Users/macguffin/Usr/HpmSDK/toochain/riscv32-unknown-elf-newlib-multilib-2023.10.18-macos-intel/bin/../riscv32-unknown-elf/lib/
COLLECT_GCC_OPTIONS='-mcmodel=medlow' '-D' 'USE_NONVECTOR_MODE=1' '-ffunction-sections' '-fdata-sections' '-fno-common' '-gdwarf-2' '-O0' '-D' 'FLASH_XIP=1' '-Woverloaded-virtual=2' '-fno-exceptions' '-fno-rtti' '-v' '-o' 'CMakeFiles/cmTC_42064.dir/CMakeCXXCompilerABI.cpp.obj' '-c' '-mtune=rocket' '-march=rv32imac_zicsr_zifencei' '-mabi=ilp32' '-misa-spec=20191213' '-march=rv32imac_zicsr_zifencei' '-dumpdir' 'CMakeFiles/cmTC_42064.dir/CMakeCXXCompilerABI.cpp.'
[2/2] Linking CXX executable cmTC_42064
FAILED: cmTC_42064 
: && /Users/macguffin/Usr/HpmSDK/toochain/riscv32-unknown-elf-newlib-multilib-2023.10.18-macos-intel/bin/riscv32-unknown-elf-g++ -mcmodel=medlow  -DUSE_NONVECTOR_MODE=1  -ffunction-sections -fdata-sections -fno-common  -gdwarf-2 -O0 -DFLASH_XIP=1 -Woverloaded-virtual -fno-exceptions -fno-rtti -mcmodel=medlow   --specs=nano.specs --specs=nosys.specs  -u _printf_float -u _scanf_float -nostartfiles -Wl,--gc-sections  -O0 -T /Users/macguffin/CLionProjects/hpm5300rttTest/board/linker_scripts/flash_rtt.ld -Wl,--gc-sections,--print-memory-usage -v CMakeFiles/cmTC_42064.dir/CMakeCXXCompilerABI.cpp.obj -o cmTC_42064   && :
Using built-in specs.
Reading specs from /Users/macguffin/Usr/HpmSDK/toochain/riscv32-unknown-elf-newlib-multilib-2023.10.18-macos-intel/bin/../lib/gcc/riscv32-unknown-elf/13.2.0/../../../../riscv32-unknown-elf/lib/nano.specs
rename spec link to nano_link
rename spec link_gcc_c_sequence to nano_link_gcc_c_sequence
rename spec cpp to nano_cpp
Reading specs from /Users/macguffin/Usr/HpmSDK/toochain/riscv32-unknown-elf-newlib-multilib-2023.10.18-macos-intel/bin/../lib/gcc/riscv32-unknown-elf/13.2.0/../../../../riscv32-unknown-elf/lib/nosys.specs
rename spec link_gcc_c_sequence to nosys_link_gcc_c_sequence
COLLECT_GCC=/Users/macguffin/Usr/HpmSDK/toochain/riscv32-unknown-elf-newlib-multilib-2023.10.18-macos-intel/bin/riscv32-unknown-elf-g++
COLLECT_LTO_WRAPPER=/Users/macguffin/Usr/HpmSDK/toochain/riscv32-unknown-elf-newlib-multilib-2023.10.18-macos-intel/bin/../libexec/gcc/riscv32-unknown-elf/13.2.0/lto-wrapper
Target: riscv32-unknown-elf
Configured with: /Users/ryan/pubrepos/riscv/riscv-gnu-toolchain/gcc/configure --target=riscv32-unknown-elf --prefix=/Users/ryan/pubrepos/riscv/riscv-gnu-toolchain/../_gnu_gcc_install --disable-shared --disable-threads --enable-languages=c,c++ --with-pkgversion=gc891d8dc23e-dirty --with-system-zlib --enable-tls --with-newlib --with-sysroot=/Users/ryan/pubrepos/riscv/riscv-gnu-toolchain/../_gnu_gcc_install/riscv32-unknown-elf --with-native-system-header-dir=/include --disable-libmudflap --disable-libssp --disable-libquadmath --disable-libgomp --disable-nls --disable-tm-clone-registry --src=.././gcc --enable-multilib --with-multilib-generator='rv32imac_zicsr_zifencei-ilp32--;rv32imafc_zifencei-ilp32--;rv32imafc_zifencei-ilp32f--;rv32imafdc-ilp32--;rv32imafdc-ilp32f--;rv32imafdc-ilp32d--;rv32imac_zicsr_zifencei_zba_zbb_zbc_zbs-ilp32--;rv32imafc_zifencei_zba_zbb_zbc_zbs-ilp32--;rv32imafc_zifencei_zba_zbb_zbc_zbs-ilp32f--;rv32imafdc_zba_zbb_zbc_zbs-ilp32--;rv32imafdc_zba_zbb_zbc_zbs-ilp32f--;rv32imafdc_zba_zbb_zbc_zbs-ilp32d--' --with-abi=ilp32 --with-arch=rv32imac_zicsr_zifencei --with-tune=rocket --with-isa-spec=20191213 'CFLAGS_FOR_TARGET=-Os    -mcmodel=medlow' 'CXXFLAGS_FOR_TARGET=-Os    -mcmodel=medlow'
Thread model: single
Supported LTO compression algorithms: zlib zstd
gcc version 13.2.0 (gc891d8dc23e-dirty) 
COMPILER_PATH=/Users/macguffin/Usr/HpmSDK/toochain/riscv32-unknown-elf-newlib-multilib-2023.10.18-macos-intel/bin/../libexec/gcc/riscv32-unknown-elf/13.2.0/:/Users/macguffin/Usr/HpmSDK/toochain/riscv32-unknown-elf-newlib-multilib-2023.10.18-macos-intel/bin/../libexec/gcc/:/Users/macguffin/Usr/HpmSDK/toochain/riscv32-unknown-elf-newlib-multilib-2023.10.18-macos-intel/bin/../lib/gcc/riscv32-unknown-elf/13.2.0/../../../../riscv32-unknown-elf/bin/
LIBRARY_PATH=/Users/macguffin/Usr/HpmSDK/toochain/riscv32-unknown-elf-newlib-multilib-2023.10.18-macos-intel/bin/../lib/gcc/riscv32-unknown-elf/13.2.0/:/Users/macguffin/Usr/HpmSDK/toochain/riscv32-unknown-elf-newlib-multilib-2023.10.18-macos-intel/bin/../lib/gcc/:/Users/macguffin/Usr/HpmSDK/toochain/riscv32-unknown-elf-newlib-multilib-2023.10.18-macos-intel/bin/../lib/gcc/riscv32-unknown-elf/13.2.0/../../../../riscv32-unknown-elf/lib/:/Users/macguffin/Usr/HpmSDK/toochain/riscv32-unknown-elf-newlib-multilib-2023.10.18-macos-intel/bin/../riscv32-unknown-elf/lib/
COLLECT_GCC_OPTIONS='-mcmodel=medlow' '-D' 'USE_NONVECTOR_MODE=1' '-ffunction-sections' '-fdata-sections' '-fno-common' '-gdwarf-2' '-O0' '-D' 'FLASH_XIP=1' '-Woverloaded-virtual=2' '-fno-exceptions' '-fno-rtti' '-mcmodel=medlow' '-specs=nano.specs' '-specs=nosys.specs' '-u' '_printf_float' '-u' '_scanf_float' '-nostartfiles' '-O0' '-T' '/Users/macguffin/CLionProjects/hpm5300rttTest/board/linker_scripts/flash_rtt.ld' '-v' '-o' 'cmTC_42064' '-mtune=rocket' '-march=rv32imac_zicsr_zifencei' '-mabi=ilp32' '-misa-spec=20191213' '-march=rv32imac_zicsr_zifencei' '-dumpdir' 'cmTC_42064.'
 /Users/macguffin/Usr/HpmSDK/toochain/riscv32-unknown-elf-newlib-multilib-2023.10.18-macos-intel/bin/../libexec/gcc/riscv32-unknown-elf/13.2.0/collect2 -plugin /Users/macguffin/Usr/HpmSDK/toochain/riscv32-unknown-elf-newlib-multilib-2023.10.18-macos-intel/bin/../libexec/gcc/riscv32-unknown-elf/13.2.0/liblto_plugin.so -plugin-opt=/Users/macguffin/Usr/HpmSDK/toochain/riscv32-unknown-elf-newlib-multilib-2023.10.18-macos-intel/bin/../libexec/gcc/riscv32-unknown-elf/13.2.0/lto-wrapper -plugin-opt=-fresolution=/var/folders/mt/ptjhhy9n5kx62_4rf0bhdzph0000gn/T//ccUxy6Gu.res -plugin-opt=-pass-through=-lgcc -plugin-opt=-pass-through=-lg_nano -plugin-opt=-pass-through=-lc_nano -plugin-opt=-pass-through=-lgcc -plugin-opt=-pass-through=-lgcc -plugin-opt=-pass-through=-lc_nano -plugin-opt=-pass-through=-lnosys -plugin-opt=-pass-through=-lgcc -plugin-opt=-pass-through=-lc_nano -plugin-opt=-pass-through=-lnosys --sysroot=/Users/macguffin/Usr/HpmSDK/toochain/riscv32-unknown-elf-newlib-multilib-2023.10.18-macos-intel/bin/../riscv32-unknown-elf -melf32lriscv -o cmTC_42064 -u _printf_float -u _scanf_float -L/Users/macguffin/Usr/HpmSDK/toochain/riscv32-unknown-elf-newlib-multilib-2023.10.18-macos-intel/bin/../lib/gcc/riscv32-unknown-elf/13.2.0 -L/Users/macguffin/Usr/HpmSDK/toochain/riscv32-unknown-elf-newlib-multilib-2023.10.18-macos-intel/bin/../lib/gcc -L/Users/macguffin/Usr/HpmSDK/toochain/riscv32-unknown-elf-newlib-multilib-2023.10.18-macos-intel/bin/../lib/gcc/riscv32-unknown-elf/13.2.0/../../../../riscv32-unknown-elf/lib -L/Users/macguffin/Usr/HpmSDK/toochain/riscv32-unknown-elf-newlib-multilib-2023.10.18-macos-intel/bin/../riscv32-unknown-elf/lib --gc-sections --gc-sections --print-memory-usage CMakeFiles/cmTC_42064.dir/CMakeCXXCompilerABI.cpp.obj -lstdc++ -lm_nano -lgcc -lg_nano -lc_nano -lgcc --start-group -lgcc -lc_nano -lnosys --end-group --start-group -lgcc -lc_nano -lnosys --end-group -T /Users/macguffin/CLionProjects/hpm5300rttTest/board/linker_scripts/flash_rtt.ld
/Users/macguffin/Usr/HpmSDK/toochain/riscv32-unknown-elf-newlib-multilib-2023.10.18-macos-intel/bin/../lib/gcc/riscv32-unknown-elf/13.2.0/../../../../riscv32-unknown-elf/bin/ld: /Users/macguffin/Usr/HpmSDK/toochain/riscv32-unknown-elf-newlib-multilib-2023.10.18-macos-intel/bin/../lib/gcc/riscv32-unknown-elf/13.2.0/../../../../riscv32-unknown-elf/lib/libg_nano.a(libc_a-closer.o): in function `_close_r':
closer.c:(.text._close_r+0x14): warning: _close is not implemented and will always fail
/Users/macguffin/Usr/HpmSDK/toochain/riscv32-unknown-elf-newlib-multilib-2023.10.18-macos-intel/bin/../lib/gcc/riscv32-unknown-elf/13.2.0/../../../../riscv32-unknown-elf/bin/ld: /Users/macguffin/Usr/HpmSDK/toochain/riscv32-unknown-elf-newlib-multilib-2023.10.18-macos-intel/bin/../lib/gcc/riscv32-unknown-elf/13.2.0/../../../../riscv32-unknown-elf/lib/libg_nano.a(libc_a-fstatr.o): in function `_fstat_r':
fstatr.c:(.text._fstat_r+0x16): warning: _fstat is not implemented and will always fail
/Users/macguffin/Usr/HpmSDK/toochain/riscv32-unknown-elf-newlib-multilib-2023.10.18-macos-intel/bin/../lib/gcc/riscv32-unknown-elf/13.2.0/../../../../riscv32-unknown-elf/bin/ld: /Users/macguffin/Usr/HpmSDK/toochain/riscv32-unknown-elf-newlib-multilib-2023.10.18-macos-intel/bin/../lib/gcc/riscv32-unknown-elf/13.2.0/../../../../riscv32-unknown-elf/lib/libg_nano.a(libc_a-signalr.o): in function `_getpid_r':
signalr.c:(.text._getpid_r+0x0): warning: _getpid is not implemented and will always fail
/Users/macguffin/Usr/HpmSDK/toochain/riscv32-unknown-elf-newlib-multilib-2023.10.18-macos-intel/bin/../lib/gcc/riscv32-unknown-elf/13.2.0/../../../../riscv32-unknown-elf/bin/ld: /Users/macguffin/Usr/HpmSDK/toochain/riscv32-unknown-elf-newlib-multilib-2023.10.18-macos-intel/bin/../lib/gcc/riscv32-unknown-elf/13.2.0/../../../../riscv32-unknown-elf/lib/libg_nano.a(libc_a-isattyr.o): in function `_isatty_r':
isattyr.c:(.text._isatty_r+0x14): warning: _isatty is not implemented and will always fail
/Users/macguffin/Usr/HpmSDK/toochain/riscv32-unknown-elf-newlib-multilib-2023.10.18-macos-intel/bin/../lib/gcc/riscv32-unknown-elf/13.2.0/../../../../riscv32-unknown-elf/bin/ld: /Users/macguffin/Usr/HpmSDK/toochain/riscv32-unknown-elf-newlib-multilib-2023.10.18-macos-intel/bin/../lib/gcc/riscv32-unknown-elf/13.2.0/../../../../riscv32-unknown-elf/lib/libg_nano.a(libc_a-signalr.o): in function `_kill_r':
signalr.c:(.text._kill_r+0x16): warning: _kill is not implemented and will always fail
/Users/macguffin/Usr/HpmSDK/toochain/riscv32-unknown-elf-newlib-multilib-2023.10.18-macos-intel/bin/../lib/gcc/riscv32-unknown-elf/13.2.0/../../../../riscv32-unknown-elf/bin/ld: /Users/macguffin/Usr/HpmSDK/toochain/riscv32-unknown-elf-newlib-multilib-2023.10.18-macos-intel/bin/../lib/gcc/riscv32-unknown-elf/13.2.0/../../../../riscv32-unknown-elf/lib/libg_nano.a(libc_a-lseekr.o): in function `_lseek_r':
lseekr.c:(.text._lseek_r+0x18): warning: _lseek is not implemented and will always fail
/Users/macguffin/Usr/HpmSDK/toochain/riscv32-unknown-elf-newlib-multilib-2023.10.18-macos-intel/bin/../lib/gcc/riscv32-unknown-elf/13.2.0/../../../../riscv32-unknown-elf/bin/ld: /Users/macguffin/Usr/HpmSDK/toochain/riscv32-unknown-elf-newlib-multilib-2023.10.18-macos-intel/bin/../lib/gcc/riscv32-unknown-elf/13.2.0/../../../../riscv32-unknown-elf/lib/libg_nano.a(libc_a-readr.o): in function `_read_r':
readr.c:(.text._read_r+0x18): warning: _read is not implemented and will always fail
/Users/macguffin/Usr/HpmSDK/toochain/riscv32-unknown-elf-newlib-multilib-2023.10.18-macos-intel/bin/../lib/gcc/riscv32-unknown-elf/13.2.0/../../../../riscv32-unknown-elf/bin/ld: /Users/macguffin/Usr/HpmSDK/toochain/riscv32-unknown-elf-newlib-multilib-2023.10.18-macos-intel/bin/../lib/gcc/riscv32-unknown-elf/13.2.0/../../../../riscv32-unknown-elf/lib/libg_nano.a(libc_a-writer.o): in function `_write_r':
writer.c:(.text._write_r+0x18): warning: _write is not implemented and will always fail
/Users/macguffin/Usr/HpmSDK/toochain/riscv32-unknown-elf-newlib-multilib-2023.10.18-macos-intel/bin/../lib/gcc/riscv32-unknown-elf/13.2.0/../../../../riscv32-unknown-elf/bin/ld: warning: cannot find entry symbol _start; defaulting to 80003000
/Users/macguffin/Usr/HpmSDK/toochain/riscv32-unknown-elf-newlib-multilib-2023.10.18-macos-intel/bin/../lib/gcc/riscv32-unknown-elf/13.2.0/../../../../riscv32-unknown-elf/bin/ld: /Users/macguffin/Usr/HpmSDK/toochain/riscv32-unknown-elf-newlib-multilib-2023.10.18-macos-intel/bin/../lib/gcc/riscv32-unknown-elf/13.2.0/../../../../riscv32-unknown-elf/lib/libnosys.a(sbrk.o): in function `.L5':
sbrk.c:(.text._sbrk+0x14): undefined reference to `end'
/Users/macguffin/Usr/HpmSDK/toochain/riscv32-unknown-elf-newlib-multilib-2023.10.18-macos-intel/bin/../lib/gcc/riscv32-unknown-elf/13.2.0/../../../../riscv32-unknown-elf/bin/ld: sbrk.c:(.text._sbrk+0x18): undefined reference to `end'
Memory region         Used Size  Region Size  %age Used
            XPI0:       42784 B         1 MB      4.08%
             ILM:          0 GB       128 KB      0.00%
             DLM:       49944 B       128 KB     38.10%
        AHB_SRAM:          0 GB        32 KB      0.00%
collect2: error: ld returned 1 exit status
ninja: build stopped: subcommand failed.




